Release 14.7 - xst P.20131013 (nt64)
Copyright (c) 1995-2013 Xilinx, Inc.  All rights reserved.
--> Parameter TMPDIR set to xst/projnav.tmp


Total REAL time to Xst completion: 0.00 secs
Total CPU time to Xst completion: 0.08 secs
 
--> Parameter xsthdpdir set to xst


Total REAL time to Xst completion: 0.00 secs
Total CPU time to Xst completion: 0.08 secs
 
--> Reading design: Input_Handler.prj

TABLE OF CONTENTS
  1) Synthesis Options Summary
  2) HDL Parsing
  3) HDL Elaboration
  4) HDL Synthesis
       4.1) HDL Synthesis Report
  5) Advanced HDL Synthesis
       5.1) Advanced HDL Synthesis Report
  6) Low Level Synthesis
  7) Partition Report
  8) Design Summary
       8.1) Primitive and Black Box Usage
       8.2) Device utilization summary
       8.3) Partition Resource Summary
       8.4) Timing Report
            8.4.1) Clock Information
            8.4.2) Asynchronous Control Signals Information
            8.4.3) Timing Summary
            8.4.4) Timing Details
            8.4.5) Cross Clock Domains Report


=========================================================================
*                      Synthesis Options Summary                        *
=========================================================================
---- Source Parameters
Input File Name                    : "Input_Handler.prj"
Ignore Synthesis Constraint File   : NO

---- Target Parameters
Output File Name                   : "Input_Handler"
Output Format                      : NGC
Target Device                      : xc6slx9-3-tqg144

---- Source Options
Top Module Name                    : Input_Handler
Automatic FSM Extraction           : YES
FSM Encoding Algorithm             : Auto
Safe Implementation                : No
FSM Style                          : LUT
RAM Extraction                     : Yes
RAM Style                          : Auto
ROM Extraction                     : Yes
Shift Register Extraction          : YES
ROM Style                          : Auto
Resource Sharing                   : YES
Asynchronous To Synchronous        : NO
Shift Register Minimum Size        : 2
Use DSP Block                      : Auto
Automatic Register Balancing       : No

---- Target Options
LUT Combining                      : Auto
Reduce Control Sets                : Auto
Add IO Buffers                     : YES
Global Maximum Fanout              : 100000
Add Generic Clock Buffer(BUFG)     : 16
Register Duplication               : YES
Optimize Instantiated Primitives   : NO
Use Clock Enable                   : Auto
Use Synchronous Set                : Auto
Use Synchronous Reset              : Auto
Pack IO Registers into IOBs        : Auto
Equivalent register Removal        : YES

---- General Options
Optimization Goal                  : Speed
Optimization Effort                : 1
Power Reduction                    : NO
Keep Hierarchy                     : No
Netlist Hierarchy                  : As_Optimized
RTL Output                         : Yes
Global Optimization                : AllClockNets
Read Cores                         : YES
Write Timing Constraints           : NO
Cross Clock Analysis               : NO
Hierarchy Separator                : /
Bus Delimiter                      : <>
Case Specifier                     : Maintain
Slice Utilization Ratio            : 100
BRAM Utilization Ratio             : 100
DSP48 Utilization Ratio            : 100
Auto BRAM Packing                  : NO
Slice Utilization Ratio Delta      : 5

=========================================================================


=========================================================================
*                          HDL Parsing                                  *
=========================================================================
Parsing VHDL file "C:\Users\Haruk\Documents\General Workspace\Xilinx\HWD_Watch\DIV2_1.vhd" into library work
Parsing entity <DIV2_1>.
Parsing architecture <Behavioral> of entity <div2_1>.
Parsing VHDL file "C:\Users\Haruk\Documents\General Workspace\Xilinx\HWD_Watch\DIV20M_10K.vhd" into library work
Parsing entity <DIV20M_10K>.
Parsing architecture <Behavioral> of entity <div20m_10k>.
Parsing VHDL file "C:\Users\Haruk\Documents\General Workspace\Xilinx\HWD_Watch\DIV10K_1000.vhd" into library work
Parsing entity <DIV10K_1000>.
Parsing architecture <Behavioral> of entity <div10k_1000>.
Parsing VHDL file "C:\Users\Haruk\Documents\General Workspace\Xilinx\HWD_Watch\DIV1000_2.vhd" into library work
Parsing entity <DIV1000_2>.
Parsing architecture <Behavioral> of entity <div1000_2>.
Parsing VHDL file "C:\Users\Haruk\Documents\General Workspace\Xilinx\HWD_Watch\Input_Handler.vhd" into library work
Parsing entity <Input_Handler>.
Parsing architecture <Behavioral> of entity <input_handler>.
ERROR:HDLCompiler:288 - "C:\Users\Haruk\Documents\General Workspace\Xilinx\HWD_Watch\Input_Handler.vhd" Line 67: Cannot read from 'out' object dclk ; use 'buffer' or 'inout'
ERROR:HDLCompiler:1731 - "C:\Users\Haruk\Documents\General Workspace\Xilinx\HWD_Watch\Input_Handler.vhd" Line 67: found '0' definitions of operator "&", cannot determine exact overloaded matching definition for "&"
ERROR:HDLCompiler:288 - "C:\Users\Haruk\Documents\General Workspace\Xilinx\HWD_Watch\Input_Handler.vhd" Line 68: Cannot read from 'out' object dclk ; use 'buffer' or 'inout'
ERROR:HDLCompiler:1731 - "C:\Users\Haruk\Documents\General Workspace\Xilinx\HWD_Watch\Input_Handler.vhd" Line 68: found '0' definitions of operator "&", cannot determine exact overloaded matching definition for "&"
ERROR:HDLCompiler:288 - "C:\Users\Haruk\Documents\General Workspace\Xilinx\HWD_Watch\Input_Handler.vhd" Line 69: Cannot read from 'out' object dclk ; use 'buffer' or 'inout'
ERROR:HDLCompiler:1731 - "C:\Users\Haruk\Documents\General Workspace\Xilinx\HWD_Watch\Input_Handler.vhd" Line 69: found '0' definitions of operator "&", cannot determine exact overloaded matching definition for "&"
ERROR:HDLCompiler:288 - "C:\Users\Haruk\Documents\General Workspace\Xilinx\HWD_Watch\Input_Handler.vhd" Line 71: Cannot read from 'out' object bclk ; use 'buffer' or 'inout'
WARNING:HDLCompiler:439 - "C:\Users\Haruk\Documents\General Workspace\Xilinx\HWD_Watch\Input_Handler.vhd" Line 71: Formal port i of mode in cannot be associated with actual port bclk of mode out
ERROR:HDLCompiler:101 - "C:\Users\Haruk\Documents\General Workspace\Xilinx\HWD_Watch\Input_Handler.vhd" Line 71: bclk with mode 'out' cannot be read
ERROR:HDLCompiler:288 - "C:\Users\Haruk\Documents\General Workspace\Xilinx\HWD_Watch\Input_Handler.vhd" Line 72: Cannot read from 'out' object sclk ; use 'buffer' or 'inout'
WARNING:HDLCompiler:439 - "C:\Users\Haruk\Documents\General Workspace\Xilinx\HWD_Watch\Input_Handler.vhd" Line 72: Formal port i of mode in cannot be associated with actual port sclk of mode out
ERROR:HDLCompiler:101 - "C:\Users\Haruk\Documents\General Workspace\Xilinx\HWD_Watch\Input_Handler.vhd" Line 72: sclk with mode 'out' cannot be read
ERROR:HDLCompiler:288 - "C:\Users\Haruk\Documents\General Workspace\Xilinx\HWD_Watch\Input_Handler.vhd" Line 73: Cannot read from 'out' object dclk ; use 'buffer' or 'inout'
WARNING:HDLCompiler:439 - "C:\Users\Haruk\Documents\General Workspace\Xilinx\HWD_Watch\Input_Handler.vhd" Line 73: Formal port i of mode in cannot be associated with actual port dclk of mode out
ERROR:HDLCompiler:101 - "C:\Users\Haruk\Documents\General Workspace\Xilinx\HWD_Watch\Input_Handler.vhd" Line 73: dclk with mode 'out' cannot be read
ERROR:HDLCompiler:854 - "C:\Users\Haruk\Documents\General Workspace\Xilinx\HWD_Watch\Input_Handler.vhd" Line 48: Unit <behavioral> ignored due to previous errors.
VHDL file C:\Users\Haruk\Documents\General Workspace\Xilinx\HWD_Watch\Input_Handler.vhd ignored due to errors
--> 

Total memory usage is 4450608 kilobytes

Number of errors   :   13 (   0 filtered)
Number of warnings :    3 (   0 filtered)
Number of infos    :    0 (   0 filtered)

