--------------------------------------------------------------------------------
Release 14.7 Trace  (nt64)
Copyright (c) 1995-2013 Xilinx, Inc.  All rights reserved.

C:\Xilinx\14.7\ISE_DS\ISE\bin\nt64\unwrapped\trce.exe -intstyle ise -v 3 -s 3
-n 3 -fastpaths -xml main.twx main.ncd -o main.twr main.pcf -ucf main.ucf

Design file:              main.ncd
Physical constraint file: main.pcf
Device,package,speed:     xc6slx9,tqg144,C,-3 (PRODUCTION 1.23 2013-10-13)
Report level:             verbose report

Environment Variable      Effect 
--------------------      ------ 
NONE                      No environment variables were set
--------------------------------------------------------------------------------

INFO:Timing:2698 - No timing constraints found, doing default enumeration.
INFO:Timing:3412 - To improve timing, see the Timing Closure User Guide (UG612).
INFO:Timing:2752 - To get complete path coverage, use the unconstrained paths 
   option. All paths that are not constrained will be reported in the 
   unconstrained paths section(s) of the report.
INFO:Timing:3339 - The clock-to-out numbers in this timing report are based on 
   a 50 Ohm transmission line loading model.  For the details of this model, 
   and for more information on accounting for different loading conditions, 
   please see the device datasheet.



Data Sheet report:
-----------------
All values displayed in nanoseconds (ns)

Clock ALARM_pb3_p47 to Pad
--------------------------+-----------------+------------+-----------------+------------+------------------+--------+
                          |Max (slowest) clk|  Process   |Min (fastest) clk|  Process   |                  | Clock  |
Destination               |  (edge) to PAD  |   Corner   |  (edge) to PAD  |   Corner   |Internal Clock(s) | Phase  |
--------------------------+-----------------+------------+-----------------+------------+------------------+--------+
BUZZER_p83                |        12.606(R)|      SLOW  |         7.436(R)|      FAST  |WD/AHOUR1ST/inpt  |   0.000|
                          |        12.760(R)|      SLOW  |         7.213(R)|      FAST  |WD/AMIN1ST/C2/inpt|   0.000|
                          |        12.241(R)|      SLOW  |         6.848(R)|      FAST  |WD/HOUR1ST/inpt   |   0.000|
                          |        12.646(R)|      SLOW  |         6.909(R)|      FAST  |WD/MIN1ST/inpt    |   0.000|
DATA_a41b40c35d34f29g27<0>|        11.970(R)|      SLOW  |         6.819(R)|      FAST  |WD/AHOUR1ST/inpt  |   0.000|
                          |        11.944(R)|      SLOW  |         6.774(R)|      FAST  |WD/AMIN1ST/C2/inpt|   0.000|
                          |        11.591(R)|      SLOW  |         6.350(R)|      FAST  |WD/HOUR1ST/inpt   |   0.000|
                          |        11.117(R)|      SLOW  |         6.256(R)|      FAST  |WD/MIN1ST/inpt    |   0.000|
DATA_a41b40c35d34f29g27<1>|        12.088(R)|      SLOW  |         6.697(R)|      FAST  |WD/AHOUR1ST/inpt  |   0.000|
                          |        12.053(R)|      SLOW  |         6.775(R)|      FAST  |WD/AMIN1ST/C2/inpt|   0.000|
                          |        11.709(R)|      SLOW  |         6.228(R)|      FAST  |WD/HOUR1ST/inpt   |   0.000|
                          |        11.235(R)|      SLOW  |         6.273(R)|      FAST  |WD/MIN1ST/inpt    |   0.000|
DATA_a41b40c35d34f29g27<2>|        12.244(R)|      SLOW  |         6.653(R)|      FAST  |WD/AHOUR1ST/inpt  |   0.000|
                          |        12.209(R)|      SLOW  |         6.683(R)|      FAST  |WD/AMIN1ST/C2/inpt|   0.000|
                          |        11.865(R)|      SLOW  |         6.160(R)|      FAST  |WD/HOUR1ST/inpt   |   0.000|
                          |        11.391(R)|      SLOW  |         6.098(R)|      FAST  |WD/MIN1ST/inpt    |   0.000|
DATA_a41b40c35d34f29g27<3>|        12.408(R)|      SLOW  |         6.845(R)|      FAST  |WD/AHOUR1ST/inpt  |   0.000|
                          |        12.373(R)|      SLOW  |         6.922(R)|      FAST  |WD/AMIN1ST/C2/inpt|   0.000|
                          |        12.029(R)|      SLOW  |         6.376(R)|      FAST  |WD/HOUR1ST/inpt   |   0.000|
                          |        11.555(R)|      SLOW  |         6.337(R)|      FAST  |WD/MIN1ST/inpt    |   0.000|
DATA_a41b40c35d34f29g27<4>|        12.332(R)|      SLOW  |         6.799(R)|      FAST  |WD/AHOUR1ST/inpt  |   0.000|
                          |        12.297(R)|      SLOW  |         6.824(R)|      FAST  |WD/AMIN1ST/C2/inpt|   0.000|
                          |        11.953(R)|      SLOW  |         6.306(R)|      FAST  |WD/HOUR1ST/inpt   |   0.000|
                          |        11.479(R)|      SLOW  |         6.244(R)|      FAST  |WD/MIN1ST/inpt    |   0.000|
DATA_a41b40c35d34f29g27<5>|        12.919(R)|      SLOW  |         7.023(R)|      FAST  |WD/AHOUR1ST/inpt  |   0.000|
                          |        12.884(R)|      SLOW  |         7.041(R)|      FAST  |WD/AMIN1ST/C2/inpt|   0.000|
                          |        12.540(R)|      SLOW  |         6.530(R)|      FAST  |WD/HOUR1ST/inpt   |   0.000|
                          |        12.066(R)|      SLOW  |         6.468(R)|      FAST  |WD/MIN1ST/inpt    |   0.000|
DATA_a41b40c35d34f29g27<6>|        12.336(R)|      SLOW  |         7.088(R)|      FAST  |WD/AHOUR1ST/inpt  |   0.000|
                          |        12.301(R)|      SLOW  |         6.963(R)|      FAST  |WD/AMIN1ST/C2/inpt|   0.000|
                          |        11.957(R)|      SLOW  |         6.541(R)|      FAST  |WD/HOUR1ST/inpt   |   0.000|
                          |        11.483(R)|      SLOW  |         6.445(R)|      FAST  |WD/MIN1ST/inpt    |   0.000|
--------------------------+-----------------+------------+-----------------+------------+------------------+--------+

Clock CLK_pb123 to Pad
------------+-----------------+------------+-----------------+------------+------------------+--------+
            |Max (slowest) clk|  Process   |Min (fastest) clk|  Process   |                  | Clock  |
Destination |  (edge) to PAD  |   Corner   |  (edge) to PAD  |   Corner   |Internal Clock(s) | Phase  |
------------+-----------------+------------+-----------------+------------+------------------+--------+
BUZZER_p83  |         8.795(R)|      SLOW  |         4.695(R)|      FAST  |CLK_pb123_BUFGP   |   0.000|
------------+-----------------+------------+-----------------+------------+------------------+--------+

Clock H_pb4_p48 to Pad
--------------------------+-----------------+------------+-----------------+------------+------------------+--------+
                          |Max (slowest) clk|  Process   |Min (fastest) clk|  Process   |                  | Clock  |
Destination               |  (edge) to PAD  |   Corner   |  (edge) to PAD  |   Corner   |Internal Clock(s) | Phase  |
--------------------------+-----------------+------------+-----------------+------------+------------------+--------+
BUZZER_p83                |        12.805(R)|      SLOW  |         7.441(R)|      FAST  |WD/AHOUR1ST/inpt  |   0.000|
                          |        12.440(R)|      SLOW  |         6.853(R)|      FAST  |WD/HOUR1ST/inpt   |   0.000|
DATA_a41b40c35d34f29g27<0>|        12.169(R)|      SLOW  |         6.824(R)|      FAST  |WD/AHOUR1ST/inpt  |   0.000|
                          |        11.790(R)|      SLOW  |         6.355(R)|      FAST  |WD/HOUR1ST/inpt   |   0.000|
DATA_a41b40c35d34f29g27<1>|        12.287(R)|      SLOW  |         6.702(R)|      FAST  |WD/AHOUR1ST/inpt  |   0.000|
                          |        11.908(R)|      SLOW  |         6.233(R)|      FAST  |WD/HOUR1ST/inpt   |   0.000|
DATA_a41b40c35d34f29g27<2>|        12.443(R)|      SLOW  |         6.658(R)|      FAST  |WD/AHOUR1ST/inpt  |   0.000|
                          |        12.064(R)|      SLOW  |         6.165(R)|      FAST  |WD/HOUR1ST/inpt   |   0.000|
DATA_a41b40c35d34f29g27<3>|        12.607(R)|      SLOW  |         6.850(R)|      FAST  |WD/AHOUR1ST/inpt  |   0.000|
                          |        12.228(R)|      SLOW  |         6.381(R)|      FAST  |WD/HOUR1ST/inpt   |   0.000|
DATA_a41b40c35d34f29g27<4>|        12.531(R)|      SLOW  |         6.804(R)|      FAST  |WD/AHOUR1ST/inpt  |   0.000|
                          |        12.152(R)|      SLOW  |         6.311(R)|      FAST  |WD/HOUR1ST/inpt   |   0.000|
DATA_a41b40c35d34f29g27<5>|        13.118(R)|      SLOW  |         7.028(R)|      FAST  |WD/AHOUR1ST/inpt  |   0.000|
                          |        12.739(R)|      SLOW  |         6.535(R)|      FAST  |WD/HOUR1ST/inpt   |   0.000|
DATA_a41b40c35d34f29g27<6>|        12.535(R)|      SLOW  |         7.093(R)|      FAST  |WD/AHOUR1ST/inpt  |   0.000|
                          |        12.156(R)|      SLOW  |         6.546(R)|      FAST  |WD/HOUR1ST/inpt   |   0.000|
--------------------------+-----------------+------------+-----------------+------------+------------------+--------+

Clock M_pb5_p51 to Pad
--------------------------+-----------------+------------+-----------------+------------+------------------+--------+
                          |Max (slowest) clk|  Process   |Min (fastest) clk|  Process   |                  | Clock  |
Destination               |  (edge) to PAD  |   Corner   |  (edge) to PAD  |   Corner   |Internal Clock(s) | Phase  |
--------------------------+-----------------+------------+-----------------+------------+------------------+--------+
BUZZER_p83                |        12.491(R)|      SLOW  |         6.975(R)|      FAST  |WD/AMIN1ST/C2/inpt|   0.000|
                          |        13.066(R)|      SLOW  |         7.126(R)|      FAST  |WD/MIN1ST/inpt    |   0.000|
DATA_a41b40c35d34f29g27<0>|        11.675(R)|      SLOW  |         6.536(R)|      FAST  |WD/AMIN1ST/C2/inpt|   0.000|
                          |        11.537(R)|      SLOW  |         6.473(R)|      FAST  |WD/MIN1ST/inpt    |   0.000|
DATA_a41b40c35d34f29g27<1>|        11.784(R)|      SLOW  |         6.537(R)|      FAST  |WD/AMIN1ST/C2/inpt|   0.000|
                          |        11.655(R)|      SLOW  |         6.490(R)|      FAST  |WD/MIN1ST/inpt    |   0.000|
DATA_a41b40c35d34f29g27<2>|        11.940(R)|      SLOW  |         6.445(R)|      FAST  |WD/AMIN1ST/C2/inpt|   0.000|
                          |        11.811(R)|      SLOW  |         6.315(R)|      FAST  |WD/MIN1ST/inpt    |   0.000|
DATA_a41b40c35d34f29g27<3>|        12.104(R)|      SLOW  |         6.684(R)|      FAST  |WD/AMIN1ST/C2/inpt|   0.000|
                          |        11.975(R)|      SLOW  |         6.554(R)|      FAST  |WD/MIN1ST/inpt    |   0.000|
DATA_a41b40c35d34f29g27<4>|        12.028(R)|      SLOW  |         6.586(R)|      FAST  |WD/AMIN1ST/C2/inpt|   0.000|
                          |        11.899(R)|      SLOW  |         6.461(R)|      FAST  |WD/MIN1ST/inpt    |   0.000|
DATA_a41b40c35d34f29g27<5>|        12.615(R)|      SLOW  |         6.803(R)|      FAST  |WD/AMIN1ST/C2/inpt|   0.000|
                          |        12.486(R)|      SLOW  |         6.685(R)|      FAST  |WD/MIN1ST/inpt    |   0.000|
DATA_a41b40c35d34f29g27<6>|        12.032(R)|      SLOW  |         6.725(R)|      FAST  |WD/AMIN1ST/C2/inpt|   0.000|
                          |        11.903(R)|      SLOW  |         6.662(R)|      FAST  |WD/MIN1ST/inpt    |   0.000|
--------------------------+-----------------+------------+-----------------+------------+------------------+--------+

Clock to Setup on destination clock ALARM_pb3_p47
---------------+---------+---------+---------+---------+
               | Src:Rise| Src:Fall| Src:Rise| Src:Fall|
Source Clock   |Dest:Rise|Dest:Rise|Dest:Fall|Dest:Fall|
---------------+---------+---------+---------+---------+
ALARM_pb3_p47  |    2.369|         |         |         |
H_pb4_p48      |    2.110|         |         |         |
M_pb5_p51      |    2.369|         |         |         |
---------------+---------+---------+---------+---------+

Clock to Setup on destination clock CLK_pb123
---------------+---------+---------+---------+---------+
               | Src:Rise| Src:Fall| Src:Rise| Src:Fall|
Source Clock   |Dest:Rise|Dest:Rise|Dest:Fall|Dest:Fall|
---------------+---------+---------+---------+---------+
CLK_pb123      |    3.514|         |         |         |
---------------+---------+---------+---------+---------+

Clock to Setup on destination clock H_pb4_p48
---------------+---------+---------+---------+---------+
               | Src:Rise| Src:Fall| Src:Rise| Src:Fall|
Source Clock   |Dest:Rise|Dest:Rise|Dest:Fall|Dest:Fall|
---------------+---------+---------+---------+---------+
ALARM_pb3_p47  |    2.110|         |         |         |
H_pb4_p48      |    2.110|         |         |         |
---------------+---------+---------+---------+---------+

Clock to Setup on destination clock M_pb5_p51
---------------+---------+---------+---------+---------+
               | Src:Rise| Src:Fall| Src:Rise| Src:Fall|
Source Clock   |Dest:Rise|Dest:Rise|Dest:Fall|Dest:Fall|
---------------+---------+---------+---------+---------+
ALARM_pb3_p47  |    2.369|         |         |         |
M_pb5_p51      |    2.369|         |         |         |
---------------+---------+---------+---------+---------+

Clock to Setup on destination clock SNOOZE_pb1_p45
---------------+---------+---------+---------+---------+
               | Src:Rise| Src:Fall| Src:Rise| Src:Fall|
Source Clock   |Dest:Rise|Dest:Rise|Dest:Fall|Dest:Fall|
---------------+---------+---------+---------+---------+
ALARM_pb3_p47  |    4.784|         |         |         |
H_pb4_p48      |    4.523|         |         |         |
M_pb5_p51      |    4.784|         |         |         |
SNOOZE_pb1_p45 |   -0.139|   -0.139|         |         |
---------------+---------+---------+---------+---------+

Pad to Pad
---------------+--------------------------+---------+
Source Pad     |Destination Pad           |  Delay  |
---------------+--------------------------+---------+
ALARM_pb3_p47  |DATA_a41b40c35d34f29g27<0>|    9.942|
ALARM_pb3_p47  |DATA_a41b40c35d34f29g27<1>|   10.058|
ALARM_pb3_p47  |DATA_a41b40c35d34f29g27<2>|   10.172|
ALARM_pb3_p47  |DATA_a41b40c35d34f29g27<3>|   10.428|
ALARM_pb3_p47  |DATA_a41b40c35d34f29g27<4>|   10.260|
ALARM_pb3_p47  |DATA_a41b40c35d34f29g27<5>|   10.847|
ALARM_pb3_p47  |DATA_a41b40c35d34f29g27<6>|   10.264|
ALARM_pb3_p47  |DOT_p26                   |    8.091|
H_pb4_p48      |DOT_p26                   |    7.602|
M_pb5_p51      |DOT_p26                   |    7.703|
S_pb6_p55      |DATA_a41b40c35d34f29g27<0>|    9.650|
S_pb6_p55      |DATA_a41b40c35d34f29g27<1>|    9.866|
S_pb6_p55      |DATA_a41b40c35d34f29g27<2>|    9.906|
S_pb6_p55      |DATA_a41b40c35d34f29g27<3>|   10.236|
S_pb6_p55      |DATA_a41b40c35d34f29g27<4>|    9.768|
S_pb6_p55      |DATA_a41b40c35d34f29g27<5>|   10.114|
S_pb6_p55      |DATA_a41b40c35d34f29g27<6>|    9.927|
---------------+--------------------------+---------+


Analysis completed Sat May 15 05:39:47 2021 
--------------------------------------------------------------------------------

Trace Settings:
-------------------------
Trace Settings 

Peak Memory Usage: 4571 MB



